C:\USERS\ALBERT\DESKTOP\SPACEINFLATORS-SKELETON-WINDOWS\SPACEINFLATORS\DEBUG\SPACEINFLATORS.EXE
C:\USERS\ALBERT\DESKTOP\SPACEINFLATORS-SKELETON-WINDOWS\SPACEINFLATORS\DEBUG\SPACEINFLATORS.ILK
C:\USERS\ALBERT\DESKTOP\SPACEINFLATORS-SKELETON-WINDOWS\SPACEINFLATORS\DEBUG\SPACEINFLATORS.PDB
C:\USERS\ALBERT\DESKTOP\SPACEINFLATORS-SKELETON-WINDOWS\SPACEINFLATORS\SPACEINFLATORS\DEBUG\ACTOR.OBJ
C:\Users\Albert\Desktop\SpaceInflators-skeleton-windows\SpaceInflators\SpaceInflators\Debug\cl.command.1.tlog
C:\Users\Albert\Desktop\SpaceInflators-skeleton-windows\SpaceInflators\SpaceInflators\Debug\CL.read.1.tlog
C:\Users\Albert\Desktop\SpaceInflators-skeleton-windows\SpaceInflators\SpaceInflators\Debug\CL.write.1.tlog
C:\USERS\ALBERT\DESKTOP\SPACEINFLATORS-SKELETON-WINDOWS\SPACEINFLATORS\SPACEINFLATORS\DEBUG\GAMECONTROLLER.OBJ
C:\USERS\ALBERT\DESKTOP\SPACEINFLATORS-SKELETON-WINDOWS\SPACEINFLATORS\SPACEINFLATORS\DEBUG\GAMEWORLD.OBJ
C:\Users\Albert\Desktop\SpaceInflators-skeleton-windows\SpaceInflators\SpaceInflators\Debug\link.1168.read.1.tlog
C:\Users\Albert\Desktop\SpaceInflators-skeleton-windows\SpaceInflators\SpaceInflators\Debug\link.1168.write.1.tlog
C:\Users\Albert\Desktop\SpaceInflators-skeleton-windows\SpaceInflators\SpaceInflators\Debug\link.1168-cvtres.read.1.tlog
C:\Users\Albert\Desktop\SpaceInflators-skeleton-windows\SpaceInflators\SpaceInflators\Debug\link.1168-cvtres.write.1.tlog
C:\Users\Albert\Desktop\SpaceInflators-skeleton-windows\SpaceInflators\SpaceInflators\Debug\link.command.1.tlog
C:\Users\Albert\Desktop\SpaceInflators-skeleton-windows\SpaceInflators\SpaceInflators\Debug\link.read.1.tlog
C:\Users\Albert\Desktop\SpaceInflators-skeleton-windows\SpaceInflators\SpaceInflators\Debug\link.write.1.tlog
C:\Users\Albert\Desktop\SpaceInflators-skeleton-windows\SpaceInflators\SpaceInflators\Debug\link-cvtres.read.1.tlog
C:\Users\Albert\Desktop\SpaceInflators-skeleton-windows\SpaceInflators\SpaceInflators\Debug\link-cvtres.write.1.tlog
C:\USERS\ALBERT\DESKTOP\SPACEINFLATORS-SKELETON-WINDOWS\SPACEINFLATORS\SPACEINFLATORS\DEBUG\MAIN.OBJ
C:\Users\Albert\Desktop\SpaceInflators-skeleton-windows\SpaceInflators\SpaceInflators\Debug\mt.command.1.tlog
C:\Users\Albert\Desktop\SpaceInflators-skeleton-windows\SpaceInflators\SpaceInflators\Debug\mt.read.1.tlog
C:\Users\Albert\Desktop\SpaceInflators-skeleton-windows\SpaceInflators\SpaceInflators\Debug\mt.write.1.tlog
C:\Users\Albert\Desktop\SpaceInflators-skeleton-windows\SpaceInflators\SpaceInflators\Debug\rc.command.1.tlog
C:\Users\Albert\Desktop\SpaceInflators-skeleton-windows\SpaceInflators\SpaceInflators\Debug\rc.read.1.tlog
C:\Users\Albert\Desktop\SpaceInflators-skeleton-windows\SpaceInflators\SpaceInflators\Debug\rc.write.1.tlog
C:\USERS\ALBERT\DESKTOP\SPACEINFLATORS-SKELETON-WINDOWS\SPACEINFLATORS\SPACEINFLATORS\DEBUG\SPACEINFLATORS.EXE.EMBED.MANIFEST
C:\USERS\ALBERT\DESKTOP\SPACEINFLATORS-SKELETON-WINDOWS\SPACEINFLATORS\SPACEINFLATORS\DEBUG\SPACEINFLATORS.EXE.EMBED.MANIFEST.RES
C:\USERS\ALBERT\DESKTOP\SPACEINFLATORS-SKELETON-WINDOWS\SPACEINFLATORS\SPACEINFLATORS\DEBUG\SPACEINFLATORS.EXE.INTERMEDIATE.MANIFEST
C:\Users\Albert\Desktop\SpaceInflators-skeleton-windows\SpaceInflators\SpaceInflators\Debug\SpaceInflators_manifest.rc
C:\USERS\ALBERT\DESKTOP\SPACEINFLATORS-SKELETON-WINDOWS\SPACEINFLATORS\SPACEINFLATORS\DEBUG\STUDENTWORLD.OBJ
C:\Users\Albert\Desktop\SpaceInflators-skeleton-windows\SpaceInflators\SpaceInflators\Debug\vc100.idb
C:\USERS\ALBERT\DESKTOP\SPACEINFLATORS-SKELETON-WINDOWS\SPACEINFLATORS\SPACEINFLATORS\DEBUG\VC100.PDB
